{"obj": {"type": "AssignString", "path": ["sys", "name"], "value": "Untitled"}, "version": 1}
{"obj": {"type": "AssignString", "path": ["sys", "description"], "value": ""}, "version": 2}
{"obj": {"type": "AssignString", "path": ["monitoring", "8c1b9ff2", "hostname"], "value": "caoyus-MacBook-Pro.local"}, "version": 3}
{"obj": {"type": "AssignString", "path": ["sys", "hostname"], "value": "caoyus-MacBook-Pro.local"}, "version": 4}
{"obj": {"type": "AssignString", "path": ["monitoring", "8c1b9ff2", "pid"], "value": "11898"}, "version": 5}
{"obj": {"type": "AssignString", "path": ["monitoring", "8c1b9ff2", "tid"], "value": "140704564520128"}, "version": 6}
{"obj": {"type": "AssignBool", "path": ["sys", "failed"], "value": false}, "version": 7}
{"obj": {"type": "ClearStringLog", "path": ["monitoring", "8c1b9ff2", "stdout"]}, "version": 8}
{"obj": {"type": "ClearStringLog", "path": ["monitoring", "8c1b9ff2", "stderr"]}, "version": 9}
{"obj": {"type": "ConfigFloatSeries", "path": ["monitoring", "8c1b9ff2", "cpu"], "min": 0.0, "max": 100.0, "unit": "%"}, "version": 10}
{"obj": {"type": "ClearFloatLog", "path": ["monitoring", "8c1b9ff2", "cpu"]}, "version": 11}
{"obj": {"type": "ConfigFloatSeries", "path": ["monitoring", "8c1b9ff2", "memory"], "min": 0.0, "max": 16.0, "unit": "GB"}, "version": 12}
{"obj": {"type": "ClearFloatLog", "path": ["monitoring", "8c1b9ff2", "memory"]}, "version": 13}
{"obj": {"type": "LogFloats", "path": ["monitoring", "8c1b9ff2", "memory"], "values": [{"value": 11.082023620605469, "step": null, "ts": 1679471932.498639}]}, "version": 14}
{"obj": {"type": "AssignString", "path": ["source_code", "integrations", "neptune-pytorch-ignite"], "value": "0.5.0"}, "version": 15}
{"obj": {"type": "LogFloats", "path": ["optimizer", "lr", "group_0"], "values": [{"value": 0.01, "step": 1, "ts": 1679471932.520822}]}, "version": 16}
{"obj": {"type": "LogFloats", "path": ["optimizer", "lr", "group_0"], "values": [{"value": 0.01, "step": 2, "ts": 1679471932.5211241}]}, "version": 17}
{"obj": {"type": "LogFloats", "path": ["optimizer", "lr", "group_0"], "values": [{"value": 0.01, "step": 3, "ts": 1679471932.542476}]}, "version": 18}
{"obj": {"type": "LogFloats", "path": ["validation", "acc"], "values": [{"value": 0.1, "step": 1, "ts": 1679471932.543062}]}, "version": 19}
{"obj": {"type": "LogFloats", "path": ["optimizer", "lr", "group_0"], "values": [{"value": 0.01, "step": 4, "ts": 1679471932.543369}]}, "version": 20}
{"obj": {"type": "LogFloats", "path": ["optimizer", "lr", "group_0"], "values": [{"value": 0.01, "step": 5, "ts": 1679471932.5436292}]}, "version": 21}
{"obj": {"type": "LogFloats", "path": ["optimizer", "lr", "group_0"], "values": [{"value": 0.01, "step": 6, "ts": 1679471932.5438762}]}, "version": 22}
{"obj": {"type": "LogFloats", "path": ["validation", "acc"], "values": [{"value": 0.2, "step": 2, "ts": 1679471932.544267}]}, "version": 23}
{"obj": {"type": "LogFloats", "path": ["optimizer", "lr", "group_0"], "values": [{"value": 0.01, "step": 7, "ts": 1679471932.544534}]}, "version": 24}
{"obj": {"type": "LogFloats", "path": ["optimizer", "lr", "group_0"], "values": [{"value": 0.01, "step": 8, "ts": 1679471932.544781}]}, "version": 25}
{"obj": {"type": "LogFloats", "path": ["optimizer", "lr", "group_0"], "values": [{"value": 0.01, "step": 9, "ts": 1679471932.545024}]}, "version": 26}
{"obj": {"type": "LogFloats", "path": ["validation", "acc"], "values": [{"value": 0.3, "step": 3, "ts": 1679471932.545414}]}, "version": 27}
{"obj": {"type": "LogFloats", "path": ["optimizer", "lr", "group_0"], "values": [{"value": 0.01, "step": 10, "ts": 1679471932.545681}]}, "version": 28}
{"obj": {"type": "LogFloats", "path": ["optimizer", "lr", "group_0"], "values": [{"value": 0.01, "step": 11, "ts": 1679471932.5459268}]}, "version": 29}
{"obj": {"type": "LogFloats", "path": ["optimizer", "lr", "group_0"], "values": [{"value": 0.01, "step": 12, "ts": 1679471932.546169}]}, "version": 30}
{"obj": {"type": "LogFloats", "path": ["validation", "acc"], "values": [{"value": 0.4, "step": 4, "ts": 1679471932.546557}]}, "version": 31}
{"obj": {"type": "LogFloats", "path": ["optimizer", "lr", "group_0"], "values": [{"value": 0.01, "step": 13, "ts": 1679471932.546824}]}, "version": 32}
{"obj": {"type": "LogFloats", "path": ["optimizer", "lr", "group_0"], "values": [{"value": 0.01, "step": 14, "ts": 1679471932.5470679}]}, "version": 33}
{"obj": {"type": "LogFloats", "path": ["optimizer", "lr", "group_0"], "values": [{"value": 0.01, "step": 15, "ts": 1679471932.54731}]}, "version": 34}
{"obj": {"type": "LogFloats", "path": ["validation", "acc"], "values": [{"value": 0.3, "step": 5, "ts": 1679471932.547689}]}, "version": 35}
{"obj": {"type": "LogFloats", "path": ["optimizer", "lr", "group_0"], "values": [{"value": 0.01, "step": 16, "ts": 1679471932.547953}]}, "version": 36}
{"obj": {"type": "LogFloats", "path": ["optimizer", "lr", "group_0"], "values": [{"value": 0.01, "step": 17, "ts": 1679471932.548197}]}, "version": 37}
{"obj": {"type": "LogFloats", "path": ["optimizer", "lr", "group_0"], "values": [{"value": 0.01, "step": 18, "ts": 1679471932.548436}]}, "version": 38}
{"obj": {"type": "LogFloats", "path": ["validation", "acc"], "values": [{"value": 0.3, "step": 6, "ts": 1679471932.548815}]}, "version": 39}
{"obj": {"type": "LogFloats", "path": ["optimizer", "lr", "group_0"], "values": [{"value": 0.01, "step": 19, "ts": 1679471932.549078}]}, "version": 40}
{"obj": {"type": "LogFloats", "path": ["optimizer", "lr", "group_0"], "values": [{"value": 0.01, "step": 20, "ts": 1679471932.549322}]}, "version": 41}
{"obj": {"type": "LogFloats", "path": ["optimizer", "lr", "group_0"], "values": [{"value": 0.01, "step": 21, "ts": 1679471932.5495622}]}, "version": 42}
{"obj": {"type": "LogFloats", "path": ["validation", "acc"], "values": [{"value": 0.2, "step": 7, "ts": 1679471932.549939}]}, "version": 43}
{"obj": {"type": "LogFloats", "path": ["optimizer", "lr", "group_0"], "values": [{"value": 0.01, "step": 22, "ts": 1679471932.5502021}]}, "version": 44}
{"obj": {"type": "LogFloats", "path": ["optimizer", "lr", "group_0"], "values": [{"value": 0.01, "step": 23, "ts": 1679471932.550446}]}, "version": 45}
{"obj": {"type": "LogFloats", "path": ["optimizer", "lr", "group_0"], "values": [{"value": 0.01, "step": 24, "ts": 1679471932.550686}]}, "version": 46}
{"obj": {"type": "LogFloats", "path": ["validation", "acc"], "values": [{"value": 0.1, "step": 8, "ts": 1679471932.5510669}]}, "version": 47}
{"obj": {"type": "LogFloats", "path": ["optimizer", "lr", "group_0"], "values": [{"value": 0.01, "step": 25, "ts": 1679471932.55133}]}, "version": 48}
{"obj": {"type": "LogFloats", "path": ["optimizer", "lr", "group_0"], "values": [{"value": 0.01, "step": 26, "ts": 1679471932.551571}]}, "version": 49}
{"obj": {"type": "LogFloats", "path": ["optimizer", "lr", "group_0"], "values": [{"value": 0.01, "step": 27, "ts": 1679471932.551809}]}, "version": 50}
{"obj": {"type": "LogFloats", "path": ["validation", "acc"], "values": [{"value": 0.1, "step": 9, "ts": 1679471932.5522912}]}, "version": 51}
{"obj": {"type": "LogFloats", "path": ["optimizer", "lr", "group_0"], "values": [{"value": 0.01, "step": 28, "ts": 1679471932.5525901}]}, "version": 52}
{"obj": {"type": "LogFloats", "path": ["optimizer", "lr", "group_0"], "values": [{"value": 0.01, "step": 29, "ts": 1679471932.552842}]}, "version": 53}
{"obj": {"type": "LogFloats", "path": ["optimizer", "lr", "group_0"], "values": [{"value": 0.01, "step": 30, "ts": 1679471932.553088}]}, "version": 54}
{"obj": {"type": "LogFloats", "path": ["validation", "acc"], "values": [{"value": 0.0, "step": 10, "ts": 1679471932.553479}]}, "version": 55}
{"obj": {"type": "LogStrings", "path": ["monitoring", "8c1b9ff2", "stdout"], "values": [{"value": "Shutting down background jobs, please wait a moment...\n", "step": null, "ts": 1679471932.553947}]}, "version": 56}
