{"obj": {"type": "AssignString", "path": ["sys", "name"], "value": "Untitled"}, "version": 1}
{"obj": {"type": "AssignString", "path": ["sys", "description"], "value": ""}, "version": 2}
{"obj": {"type": "AssignString", "path": ["monitoring", "f0a05ff4", "hostname"], "value": "caoyus-MacBook-Pro.local"}, "version": 3}
{"obj": {"type": "AssignString", "path": ["sys", "hostname"], "value": "caoyus-MacBook-Pro.local"}, "version": 4}
{"obj": {"type": "AssignString", "path": ["monitoring", "f0a05ff4", "pid"], "value": "17063"}, "version": 5}
{"obj": {"type": "AssignString", "path": ["monitoring", "f0a05ff4", "tid"], "value": "140704564520128"}, "version": 6}
{"obj": {"type": "AssignBool", "path": ["sys", "failed"], "value": false}, "version": 7}
{"obj": {"type": "ClearStringLog", "path": ["monitoring", "f0a05ff4", "stdout"]}, "version": 8}
{"obj": {"type": "ClearStringLog", "path": ["monitoring", "f0a05ff4", "stderr"]}, "version": 9}
{"obj": {"type": "ConfigFloatSeries", "path": ["monitoring", "f0a05ff4", "cpu"], "min": 0.0, "max": 100.0, "unit": "%"}, "version": 10}
{"obj": {"type": "ClearFloatLog", "path": ["monitoring", "f0a05ff4", "cpu"]}, "version": 11}
{"obj": {"type": "ConfigFloatSeries", "path": ["monitoring", "f0a05ff4", "memory"], "min": 0.0, "max": 16.0, "unit": "GB"}, "version": 12}
{"obj": {"type": "ClearFloatLog", "path": ["monitoring", "f0a05ff4", "memory"]}, "version": 13}
{"obj": {"type": "LogFloats", "path": ["monitoring", "f0a05ff4", "cpu"], "values": [{"value": 13.3, "step": null, "ts": 1679474872.7389262}]}, "version": 14}
{"obj": {"type": "LogFloats", "path": ["monitoring", "f0a05ff4", "memory"], "values": [{"value": 10.39023208618164, "step": null, "ts": 1679474872.7389262}]}, "version": 15}
{"obj": {"type": "AssignString", "path": ["source_code", "integrations", "neptune-pytorch-ignite"], "value": "0.5.0"}, "version": 16}
{"obj": {"type": "LogFloats", "path": ["optimizer", "lr", "group_0"], "values": [{"value": 0.01, "step": 1, "ts": 1679474872.741418}]}, "version": 17}
{"obj": {"type": "LogFloats", "path": ["optimizer", "lr", "group_0"], "values": [{"value": 0.01, "step": 2, "ts": 1679474872.741714}]}, "version": 18}
{"obj": {"type": "LogFloats", "path": ["optimizer", "lr", "group_0"], "values": [{"value": 0.01, "step": 3, "ts": 1679474872.7419388}]}, "version": 19}
{"obj": {"type": "LogFloats", "path": ["validation", "acc"], "values": [{"value": 0.1, "step": 1, "ts": 1679474872.742357}]}, "version": 20}
{"obj": {"type": "LogFloats", "path": ["optimizer", "lr", "group_0"], "values": [{"value": 0.01, "step": 4, "ts": 1679474872.742599}]}, "version": 21}
{"obj": {"type": "LogFloats", "path": ["optimizer", "lr", "group_0"], "values": [{"value": 0.01, "step": 5, "ts": 1679474872.742839}]}, "version": 22}
{"obj": {"type": "LogFloats", "path": ["optimizer", "lr", "group_0"], "values": [{"value": 0.01, "step": 6, "ts": 1679474872.743039}]}, "version": 23}
{"obj": {"type": "LogFloats", "path": ["validation", "acc"], "values": [{"value": 0.2, "step": 2, "ts": 1679474872.74336}]}, "version": 24}
{"obj": {"type": "LogFloats", "path": ["optimizer", "lr", "group_0"], "values": [{"value": 0.01, "step": 7, "ts": 1679474872.743579}]}, "version": 25}
{"obj": {"type": "LogFloats", "path": ["optimizer", "lr", "group_0"], "values": [{"value": 0.01, "step": 8, "ts": 1679474872.7437801}]}, "version": 26}
{"obj": {"type": "LogFloats", "path": ["optimizer", "lr", "group_0"], "values": [{"value": 0.01, "step": 9, "ts": 1679474872.743977}]}, "version": 27}
{"obj": {"type": "LogFloats", "path": ["validation", "acc"], "values": [{"value": 0.3, "step": 3, "ts": 1679474872.744291}]}, "version": 28}
{"obj": {"type": "LogFloats", "path": ["optimizer", "lr", "group_0"], "values": [{"value": 0.01, "step": 10, "ts": 1679474872.744509}]}, "version": 29}
{"obj": {"type": "LogFloats", "path": ["optimizer", "lr", "group_0"], "values": [{"value": 0.01, "step": 11, "ts": 1679474872.744709}]}, "version": 30}
{"obj": {"type": "LogFloats", "path": ["optimizer", "lr", "group_0"], "values": [{"value": 0.01, "step": 12, "ts": 1679474872.744905}]}, "version": 31}
{"obj": {"type": "LogFloats", "path": ["validation", "acc"], "values": [{"value": 0.4, "step": 4, "ts": 1679474872.745218}]}, "version": 32}
{"obj": {"type": "LogFloats", "path": ["optimizer", "lr", "group_0"], "values": [{"value": 0.01, "step": 13, "ts": 1679474872.7454348}]}, "version": 33}
{"obj": {"type": "LogFloats", "path": ["optimizer", "lr", "group_0"], "values": [{"value": 0.01, "step": 14, "ts": 1679474872.745632}]}, "version": 34}
{"obj": {"type": "LogFloats", "path": ["optimizer", "lr", "group_0"], "values": [{"value": 0.01, "step": 15, "ts": 1679474872.745829}]}, "version": 35}
{"obj": {"type": "LogFloats", "path": ["validation", "acc"], "values": [{"value": 0.3, "step": 5, "ts": 1679474872.746142}]}, "version": 36}
{"obj": {"type": "LogFloats", "path": ["optimizer", "lr", "group_0"], "values": [{"value": 0.01, "step": 16, "ts": 1679474872.746358}]}, "version": 37}
{"obj": {"type": "LogFloats", "path": ["optimizer", "lr", "group_0"], "values": [{"value": 0.01, "step": 17, "ts": 1679474872.746557}]}, "version": 38}
{"obj": {"type": "LogFloats", "path": ["optimizer", "lr", "group_0"], "values": [{"value": 0.01, "step": 18, "ts": 1679474872.746752}]}, "version": 39}
{"obj": {"type": "LogFloats", "path": ["validation", "acc"], "values": [{"value": 0.3, "step": 6, "ts": 1679474872.7470772}]}, "version": 40}
{"obj": {"type": "LogFloats", "path": ["optimizer", "lr", "group_0"], "values": [{"value": 0.01, "step": 19, "ts": 1679474872.747287}]}, "version": 41}
{"obj": {"type": "LogFloats", "path": ["optimizer", "lr", "group_0"], "values": [{"value": 0.01, "step": 20, "ts": 1679474872.747479}]}, "version": 42}
{"obj": {"type": "LogFloats", "path": ["optimizer", "lr", "group_0"], "values": [{"value": 0.01, "step": 21, "ts": 1679474872.7476711}]}, "version": 43}
{"obj": {"type": "LogFloats", "path": ["validation", "acc"], "values": [{"value": 0.2, "step": 7, "ts": 1679474872.747974}]}, "version": 44}
{"obj": {"type": "LogFloats", "path": ["optimizer", "lr", "group_0"], "values": [{"value": 0.01, "step": 22, "ts": 1679474872.748184}]}, "version": 45}
{"obj": {"type": "LogFloats", "path": ["optimizer", "lr", "group_0"], "values": [{"value": 0.01, "step": 23, "ts": 1679474872.748379}]}, "version": 46}
{"obj": {"type": "LogFloats", "path": ["optimizer", "lr", "group_0"], "values": [{"value": 0.01, "step": 24, "ts": 1679474872.7485702}]}, "version": 47}
{"obj": {"type": "LogFloats", "path": ["validation", "acc"], "values": [{"value": 0.1, "step": 8, "ts": 1679474872.748876}]}, "version": 48}
{"obj": {"type": "LogFloats", "path": ["optimizer", "lr", "group_0"], "values": [{"value": 0.01, "step": 25, "ts": 1679474872.7490969}]}, "version": 49}
{"obj": {"type": "LogFloats", "path": ["optimizer", "lr", "group_0"], "values": [{"value": 0.01, "step": 26, "ts": 1679474872.749289}]}, "version": 50}
{"obj": {"type": "LogFloats", "path": ["optimizer", "lr", "group_0"], "values": [{"value": 0.01, "step": 27, "ts": 1679474872.749481}]}, "version": 51}
{"obj": {"type": "LogFloats", "path": ["validation", "acc"], "values": [{"value": 0.1, "step": 9, "ts": 1679474872.74978}]}, "version": 52}
{"obj": {"type": "LogFloats", "path": ["optimizer", "lr", "group_0"], "values": [{"value": 0.01, "step": 28, "ts": 1679474872.749998}]}, "version": 53}
{"obj": {"type": "LogFloats", "path": ["optimizer", "lr", "group_0"], "values": [{"value": 0.01, "step": 29, "ts": 1679474872.7501812}]}, "version": 54}
{"obj": {"type": "LogFloats", "path": ["optimizer", "lr", "group_0"], "values": [{"value": 0.01, "step": 30, "ts": 1679474872.7503622}]}, "version": 55}
{"obj": {"type": "LogFloats", "path": ["validation", "acc"], "values": [{"value": 0.0, "step": 10, "ts": 1679474872.750656}]}, "version": 56}
{"obj": {"type": "LogStrings", "path": ["monitoring", "f0a05ff4", "stdout"], "values": [{"value": "Shutting down background jobs, please wait a moment...\n", "step": null, "ts": 1679474872.7510378}]}, "version": 57}
