{"obj": {"type": "AssignString", "path": ["sys", "name"], "value": "Untitled"}, "version": 1}
{"obj": {"type": "AssignString", "path": ["sys", "description"], "value": ""}, "version": 2}
{"obj": {"type": "AssignString", "path": ["monitoring", "a2ab9b0b", "hostname"], "value": "caoyus-MacBook-Pro.local"}, "version": 3}
{"obj": {"type": "AssignString", "path": ["sys", "hostname"], "value": "caoyus-MacBook-Pro.local"}, "version": 4}
{"obj": {"type": "AssignString", "path": ["monitoring", "a2ab9b0b", "pid"], "value": "18494"}, "version": 5}
{"obj": {"type": "AssignString", "path": ["monitoring", "a2ab9b0b", "tid"], "value": "140704564520128"}, "version": 6}
{"obj": {"type": "AssignBool", "path": ["sys", "failed"], "value": false}, "version": 7}
{"obj": {"type": "ClearStringLog", "path": ["monitoring", "a2ab9b0b", "stdout"]}, "version": 8}
{"obj": {"type": "ClearStringLog", "path": ["monitoring", "a2ab9b0b", "stderr"]}, "version": 9}
{"obj": {"type": "ConfigFloatSeries", "path": ["monitoring", "a2ab9b0b", "cpu"], "min": 0.0, "max": 100.0, "unit": "%"}, "version": 10}
{"obj": {"type": "ClearFloatLog", "path": ["monitoring", "a2ab9b0b", "cpu"]}, "version": 11}
{"obj": {"type": "ConfigFloatSeries", "path": ["monitoring", "a2ab9b0b", "memory"], "min": 0.0, "max": 16.0, "unit": "GB"}, "version": 12}
{"obj": {"type": "ClearFloatLog", "path": ["monitoring", "a2ab9b0b", "memory"]}, "version": 13}
{"obj": {"type": "LogFloats", "path": ["monitoring", "a2ab9b0b", "cpu"], "values": [{"value": 15.2, "step": null, "ts": 1679475597.211803}]}, "version": 14}
{"obj": {"type": "LogFloats", "path": ["monitoring", "a2ab9b0b", "memory"], "values": [{"value": 10.868663787841797, "step": null, "ts": 1679475597.211803}]}, "version": 15}
{"obj": {"type": "AssignString", "path": ["source_code", "integrations", "neptune-pytorch-ignite"], "value": "0.5.0"}, "version": 16}
{"obj": {"type": "LogFloats", "path": ["optimizer", "lr", "group_0"], "values": [{"value": 0.01, "step": 1, "ts": 1679475597.213891}]}, "version": 17}
{"obj": {"type": "LogFloats", "path": ["optimizer", "lr", "group_0"], "values": [{"value": 0.01, "step": 2, "ts": 1679475597.214127}]}, "version": 18}
{"obj": {"type": "LogFloats", "path": ["optimizer", "lr", "group_0"], "values": [{"value": 0.01, "step": 3, "ts": 1679475597.214315}]}, "version": 19}
{"obj": {"type": "LogFloats", "path": ["validation", "acc"], "values": [{"value": 0.1, "step": 1, "ts": 1679475597.214669}]}, "version": 20}
{"obj": {"type": "LogFloats", "path": ["optimizer", "lr", "group_0"], "values": [{"value": 0.01, "step": 4, "ts": 1679475597.214886}]}, "version": 21}
{"obj": {"type": "LogFloats", "path": ["optimizer", "lr", "group_0"], "values": [{"value": 0.01, "step": 5, "ts": 1679475597.215071}]}, "version": 22}
{"obj": {"type": "LogFloats", "path": ["optimizer", "lr", "group_0"], "values": [{"value": 0.01, "step": 6, "ts": 1679475597.21525}]}, "version": 23}
{"obj": {"type": "LogFloats", "path": ["validation", "acc"], "values": [{"value": 0.2, "step": 2, "ts": 1679475597.215538}]}, "version": 24}
{"obj": {"type": "LogFloats", "path": ["optimizer", "lr", "group_0"], "values": [{"value": 0.01, "step": 7, "ts": 1679475597.215772}]}, "version": 25}
{"obj": {"type": "LogFloats", "path": ["optimizer", "lr", "group_0"], "values": [{"value": 0.01, "step": 8, "ts": 1679475597.215963}]}, "version": 26}
{"obj": {"type": "LogFloats", "path": ["optimizer", "lr", "group_0"], "values": [{"value": 0.01, "step": 9, "ts": 1679475597.2161422}]}, "version": 27}
{"obj": {"type": "LogFloats", "path": ["validation", "acc"], "values": [{"value": 0.3, "step": 3, "ts": 1679475597.216425}]}, "version": 28}
{"obj": {"type": "LogFloats", "path": ["optimizer", "lr", "group_0"], "values": [{"value": 0.01, "step": 10, "ts": 1679475597.2166212}]}, "version": 29}
{"obj": {"type": "LogFloats", "path": ["optimizer", "lr", "group_0"], "values": [{"value": 0.01, "step": 11, "ts": 1679475597.216803}]}, "version": 30}
{"obj": {"type": "LogFloats", "path": ["optimizer", "lr", "group_0"], "values": [{"value": 0.01, "step": 12, "ts": 1679475597.2169821}]}, "version": 31}
{"obj": {"type": "LogFloats", "path": ["validation", "acc"], "values": [{"value": 0.4, "step": 4, "ts": 1679475597.2172642}]}, "version": 32}
{"obj": {"type": "LogFloats", "path": ["optimizer", "lr", "group_0"], "values": [{"value": 0.01, "step": 13, "ts": 1679475597.21746}]}, "version": 33}
{"obj": {"type": "LogFloats", "path": ["optimizer", "lr", "group_0"], "values": [{"value": 0.01, "step": 14, "ts": 1679475597.217639}]}, "version": 34}
{"obj": {"type": "LogFloats", "path": ["optimizer", "lr", "group_0"], "values": [{"value": 0.01, "step": 15, "ts": 1679475597.217815}]}, "version": 35}
{"obj": {"type": "LogFloats", "path": ["validation", "acc"], "values": [{"value": 0.3, "step": 5, "ts": 1679475597.218097}]}, "version": 36}
{"obj": {"type": "LogFloats", "path": ["optimizer", "lr", "group_0"], "values": [{"value": 0.01, "step": 16, "ts": 1679475597.218292}]}, "version": 37}
{"obj": {"type": "LogFloats", "path": ["optimizer", "lr", "group_0"], "values": [{"value": 0.01, "step": 17, "ts": 1679475597.218472}]}, "version": 38}
{"obj": {"type": "LogFloats", "path": ["optimizer", "lr", "group_0"], "values": [{"value": 0.01, "step": 18, "ts": 1679475597.2186491}]}, "version": 39}
{"obj": {"type": "LogFloats", "path": ["validation", "acc"], "values": [{"value": 0.3, "step": 6, "ts": 1679475597.21893}]}, "version": 40}
{"obj": {"type": "LogFloats", "path": ["optimizer", "lr", "group_0"], "values": [{"value": 0.01, "step": 19, "ts": 1679475597.219125}]}, "version": 41}
{"obj": {"type": "LogFloats", "path": ["optimizer", "lr", "group_0"], "values": [{"value": 0.01, "step": 20, "ts": 1679475597.2193038}]}, "version": 42}
{"obj": {"type": "LogFloats", "path": ["optimizer", "lr", "group_0"], "values": [{"value": 0.01, "step": 21, "ts": 1679475597.21948}]}, "version": 43}
{"obj": {"type": "LogFloats", "path": ["validation", "acc"], "values": [{"value": 0.2, "step": 7, "ts": 1679475597.219759}]}, "version": 44}
{"obj": {"type": "LogFloats", "path": ["optimizer", "lr", "group_0"], "values": [{"value": 0.01, "step": 22, "ts": 1679475597.2199528}]}, "version": 45}
{"obj": {"type": "LogFloats", "path": ["optimizer", "lr", "group_0"], "values": [{"value": 0.01, "step": 23, "ts": 1679475597.22013}]}, "version": 46}
{"obj": {"type": "LogFloats", "path": ["optimizer", "lr", "group_0"], "values": [{"value": 0.01, "step": 24, "ts": 1679475597.220306}]}, "version": 47}
{"obj": {"type": "LogFloats", "path": ["validation", "acc"], "values": [{"value": 0.1, "step": 8, "ts": 1679475597.2205849}]}, "version": 48}
{"obj": {"type": "LogFloats", "path": ["optimizer", "lr", "group_0"], "values": [{"value": 0.01, "step": 25, "ts": 1679475597.2207801}]}, "version": 49}
{"obj": {"type": "LogFloats", "path": ["optimizer", "lr", "group_0"], "values": [{"value": 0.01, "step": 26, "ts": 1679475597.220959}]}, "version": 50}
{"obj": {"type": "LogFloats", "path": ["optimizer", "lr", "group_0"], "values": [{"value": 0.01, "step": 27, "ts": 1679475597.2211342}]}, "version": 51}
{"obj": {"type": "LogFloats", "path": ["validation", "acc"], "values": [{"value": 0.1, "step": 9, "ts": 1679475597.221477}]}, "version": 52}
{"obj": {"type": "LogFloats", "path": ["optimizer", "lr", "group_0"], "values": [{"value": 0.01, "step": 28, "ts": 1679475597.221683}]}, "version": 53}
{"obj": {"type": "LogFloats", "path": ["optimizer", "lr", "group_0"], "values": [{"value": 0.01, "step": 29, "ts": 1679475597.221864}]}, "version": 54}
{"obj": {"type": "LogFloats", "path": ["optimizer", "lr", "group_0"], "values": [{"value": 0.01, "step": 30, "ts": 1679475597.2220411}]}, "version": 55}
{"obj": {"type": "LogFloats", "path": ["validation", "acc"], "values": [{"value": 0.0, "step": 10, "ts": 1679475597.222351}]}, "version": 56}
{"obj": {"type": "LogStrings", "path": ["monitoring", "a2ab9b0b", "stdout"], "values": [{"value": "Shutting down background jobs, please wait a moment...\n", "step": null, "ts": 1679475597.2226932}]}, "version": 57}
